{"level":"info","message":"Calling auth endpoint with body: {}","timestamp":"2021-12-10 02:26:10"}
{"message":"API [common.route] called.","level":"info","timestamp":"2021-12-10 02:26:10"}
{"message":"[common.service.ts] material choice data found.","level":"info","timestamp":"2021-12-10 02:26:10"}
{"level":"info","message":"Calling auth endpoint with body: {}","timestamp":"2021-12-10 02:26:36"}
{"message":"API [common.route] called.","level":"info","timestamp":"2021-12-10 02:26:36"}
{"message":"[common.service.ts] material choice data found.","level":"info","timestamp":"2021-12-10 02:26:36"}
{"message":"API [O-Ring-gland-Analysis-cal.route] called.","level":"info","timestamp":"2021-12-10 02:26:36"}
{"message":"[O-Ring-gland-Analysis-cal.service] if condition called.","level":"info","timestamp":"2021-12-10 02:26:36"}
{"message":"API [Gland-Size-cal.route] called.","level":"info","timestamp":"2021-12-10 02:26:52"}
{"message":"[Gland-Size-cal.service] if condition called.","level":"info","timestamp":"2021-12-10 02:26:52"}
{"message":"API [O-Ring-gland-Analysis-cal.route] called.","level":"info","timestamp":"2021-12-10 02:26:52"}
{"message":"[O-Ring-gland-Analysis-cal.service] if condition called.","level":"info","timestamp":"2021-12-10 02:26:52"}
{"message":"API [Gland-Size-cal.route] called.","level":"info","timestamp":"2021-12-10 02:27:01"}
{"message":"[Gland-Size-cal.service] if condition called.","level":"info","timestamp":"2021-12-10 02:27:01"}
{"message":"API [O-Ring-gland-Analysis-cal.route] called.","level":"info","timestamp":"2021-12-10 02:27:02"}
{"message":"[O-Ring-gland-Analysis-cal.service] if condition called.","level":"info","timestamp":"2021-12-10 02:27:02"}
{"message":"API [Gland-Size-cal.route] called.","level":"info","timestamp":"2021-12-10 02:27:10"}
{"message":"[Gland-Size-cal.service] if condition called.","level":"info","timestamp":"2021-12-10 02:27:10"}
{"level":"info","message":"Calling auth endpoint with body: {}","timestamp":"2021-12-10 02:27:14"}
{"message":"API [common.route] called.","level":"info","timestamp":"2021-12-10 02:27:14"}
{"message":"[common.service.ts] material choice data found.","level":"info","timestamp":"2021-12-10 02:27:14"}
{"message":"API [Gland-Size-cal.route] called.","level":"info","timestamp":"2021-12-10 02:27:14"}
{"message":"[Gland-Size-cal.service] if condition called.","level":"info","timestamp":"2021-12-10 02:27:14"}
{"level":"info","message":"Calling auth endpoint with body: {}","timestamp":"2021-12-10 02:27:36"}
{"message":"API [common.route] called.","level":"info","timestamp":"2021-12-10 02:27:36"}
{"message":"[common.service.ts] material choice data found.","level":"info","timestamp":"2021-12-10 02:27:36"}
{"message":"API [O-Ring-gland-Analysis-cal.route] called.","level":"info","timestamp":"2021-12-10 02:28:01"}
{"message":"[O-Ring-gland-Analysis-cal.service] if condition called.","level":"info","timestamp":"2021-12-10 02:28:01"}
{"message":"API [Gland-Size-cal.route] called.","level":"info","timestamp":"2021-12-10 02:28:04"}
{"message":"[Gland-Size-cal.service] if condition called.","level":"info","timestamp":"2021-12-10 02:28:04"}
{"level":"info","message":"Calling auth endpoint with body: {}","timestamp":"2021-12-10 02:29:08"}
{"message":"API [common.route] called.","level":"info","timestamp":"2021-12-10 02:29:08"}
{"message":"[common.service.ts] material choice data found.","level":"info","timestamp":"2021-12-10 02:29:08"}
{"message":"API [Gland-Size-cal.route] called.","level":"info","timestamp":"2021-12-10 02:29:08"}
{"message":"[Gland-Size-cal.service] if condition called.","level":"info","timestamp":"2021-12-10 02:29:08"}
{"message":"API [O-Ring-gland-Analysis-cal.route] called.","level":"info","timestamp":"2021-12-10 02:29:30"}
{"message":"[O-Ring-gland-Analysis-cal.service] if condition called.","level":"info","timestamp":"2021-12-10 02:29:30"}
{"level":"info","message":"Calling auth endpoint with body: {}","timestamp":"2021-12-10 02:32:06"}
{"message":"API [common.route] called.","level":"info","timestamp":"2021-12-10 02:32:06"}
{"message":"[common.service.ts] material choice data found.","level":"info","timestamp":"2021-12-10 02:32:06"}
{"message":"API [O-Ring-gland-Analysis-cal.route] called.","level":"info","timestamp":"2021-12-10 02:32:06"}
{"message":"[O-Ring-gland-Analysis-cal.service] if condition called.","level":"info","timestamp":"2021-12-10 02:32:06"}
{"message":"✌️ DB loaded and connected!","level":"info","timestamp":"2021-12-10 02:40:05"}
{"message":"✌️ Agenda injected into container","level":"info","timestamp":"2021-12-10 02:40:05"}
{"message":"✌️ Dependency Injector loaded","level":"info","timestamp":"2021-12-10 02:40:05"}
{"message":"✌️ Jobs loaded","level":"info","timestamp":"2021-12-10 02:40:05"}
{"message":"✌️ Express loaded","level":"info","timestamp":"2021-12-10 02:40:05"}
{"error":{"code":"EADDRINUSE","errno":"EADDRINUSE","syscall":"listen","address":"::","port":3000},"level":"error","message":"uncaughtException: listen EADDRINUSE: address already in use :::3000\nError: listen EADDRINUSE: address already in use :::3000\n    at Server.setupListenHandle [as _listen2] (net.js:1280:14)\n    at listenInCluster (net.js:1328:12)\n    at Server.listen (net.js:1415:7)\n    at Function.listen (/var/www/html/smsstaging/server/node_modules/express/lib/application.js:618:24)\n    at startServer (/var/www/html/smsstaging/server/app.js:36:9)\n    at process._tickCallback (internal/process/next_tick.js:68:7)","stack":"Error: listen EADDRINUSE: address already in use :::3000\n    at Server.setupListenHandle [as _listen2] (net.js:1280:14)\n    at listenInCluster (net.js:1328:12)\n    at Server.listen (net.js:1415:7)\n    at Function.listen (/var/www/html/smsstaging/server/node_modules/express/lib/application.js:618:24)\n    at startServer (/var/www/html/smsstaging/server/app.js:36:9)\n    at process._tickCallback (internal/process/next_tick.js:68:7)","exception":true,"date":"Fri Dec 10 2021 02:40:05 GMT-0500 (Eastern Standard Time)","process":{"pid":21875,"uid":1000,"gid":1000,"cwd":"/var/www/html/smsstaging/server","execPath":"/home/devsms/.nvm/versions/node/v10.21.0/bin/node","version":"v10.21.0","argv":["/home/devsms/.nvm/versions/node/v10.21.0/bin/node","/var/www/html/smsstaging/server/app.js"],"memoryUsage":{"rss":115613696,"heapTotal":79949824,"heapUsed":53720280,"external":19073877}},"os":{"loadavg":[0.0087890625,0.0595703125,0.056640625],"uptime":79738},"trace":[{"column":14,"file":"net.js","function":"Server.setupListenHandle [as _listen2]","line":1280,"method":"setupListenHandle [as _listen2]","native":false},{"column":12,"file":"net.js","function":"listenInCluster","line":1328,"method":null,"native":false},{"column":7,"file":"net.js","function":"Server.listen","line":1415,"method":"listen","native":false},{"column":24,"file":"/var/www/html/smsstaging/server/node_modules/express/lib/application.js","function":"Function.listen","line":618,"method":"listen","native":false},{"column":9,"file":"/var/www/html/smsstaging/server/app.js","function":"startServer","line":36,"method":null,"native":false},{"column":7,"file":"internal/process/next_tick.js","function":"process._tickCallback","line":68,"method":"_tickCallback","native":false}],"timestamp":"2021-12-10 02:40:05"}
{"message":"✌️ DB loaded and connected!","level":"info","timestamp":"2021-12-10 02:40:36"}
{"message":"✌️ Agenda injected into container","level":"info","timestamp":"2021-12-10 02:40:36"}
{"message":"✌️ Dependency Injector loaded","level":"info","timestamp":"2021-12-10 02:40:36"}
{"message":"✌️ Jobs loaded","level":"info","timestamp":"2021-12-10 02:40:36"}
{"message":"✌️ Express loaded","level":"info","timestamp":"2021-12-10 02:40:36"}
{"error":{"code":"EADDRINUSE","errno":"EADDRINUSE","syscall":"listen","address":"::","port":3000},"level":"error","message":"uncaughtException: listen EADDRINUSE: address already in use :::3000\nError: listen EADDRINUSE: address already in use :::3000\n    at Server.setupListenHandle [as _listen2] (net.js:1280:14)\n    at listenInCluster (net.js:1328:12)\n    at Server.listen (net.js:1415:7)\n    at Function.listen (/var/www/html/smsstaging/server/node_modules/express/lib/application.js:618:24)\n    at startServer (/var/www/html/smsstaging/server/app.js:36:9)\n    at process._tickCallback (internal/process/next_tick.js:68:7)","stack":"Error: listen EADDRINUSE: address already in use :::3000\n    at Server.setupListenHandle [as _listen2] (net.js:1280:14)\n    at listenInCluster (net.js:1328:12)\n    at Server.listen (net.js:1415:7)\n    at Function.listen (/var/www/html/smsstaging/server/node_modules/express/lib/application.js:618:24)\n    at startServer (/var/www/html/smsstaging/server/app.js:36:9)\n    at process._tickCallback (internal/process/next_tick.js:68:7)","exception":true,"date":"Fri Dec 10 2021 02:40:36 GMT-0500 (Eastern Standard Time)","process":{"pid":21917,"uid":1000,"gid":1000,"cwd":"/var/www/html/smsstaging/server","execPath":"/home/devsms/.nvm/versions/node/v10.21.0/bin/node","version":"v10.21.0","argv":["/home/devsms/.nvm/versions/node/v10.21.0/bin/node","/var/www/html/smsstaging/server/app.js"],"memoryUsage":{"rss":112308224,"heapTotal":80998400,"heapUsed":54766600,"external":20570707}},"os":{"loadavg":[0.08447265625,0.0693359375,0.05908203125],"uptime":79768},"trace":[{"column":14,"file":"net.js","function":"Server.setupListenHandle [as _listen2]","line":1280,"method":"setupListenHandle [as _listen2]","native":false},{"column":12,"file":"net.js","function":"listenInCluster","line":1328,"method":null,"native":false},{"column":7,"file":"net.js","function":"Server.listen","line":1415,"method":"listen","native":false},{"column":24,"file":"/var/www/html/smsstaging/server/node_modules/express/lib/application.js","function":"Function.listen","line":618,"method":"listen","native":false},{"column":9,"file":"/var/www/html/smsstaging/server/app.js","function":"startServer","line":36,"method":null,"native":false},{"column":7,"file":"internal/process/next_tick.js","function":"process._tickCallback","line":68,"method":"_tickCallback","native":false}],"timestamp":"2021-12-10 02:40:36"}
{"level":"info","message":"Calling auth endpoint with body: {}","timestamp":"2021-12-10 02:40:58"}
{"message":"API [common.route] called.","level":"info","timestamp":"2021-12-10 02:40:58"}
{"message":"[common.service.ts] material choice data found.","level":"info","timestamp":"2021-12-10 02:40:58"}
{"message":"API [O-Ring-gland-Analysis-cal.route] called.","level":"info","timestamp":"2021-12-10 02:40:58"}
{"message":"[O-Ring-gland-Analysis-cal.service] if condition called.","level":"info","timestamp":"2021-12-10 02:40:58"}
{"message":"✌️ DB loaded and connected!","level":"info","timestamp":"2021-12-10 02:44:04"}
{"message":"✌️ Agenda injected into container","level":"info","timestamp":"2021-12-10 02:44:04"}
{"message":"✌️ Dependency Injector loaded","level":"info","timestamp":"2021-12-10 02:44:04"}
{"message":"✌️ Jobs loaded","level":"info","timestamp":"2021-12-10 02:44:04"}
{"message":"✌️ Express loaded","level":"info","timestamp":"2021-12-10 02:44:04"}
{"error":{"code":"EADDRINUSE","errno":"EADDRINUSE","syscall":"listen","address":"::","port":3000},"level":"error","message":"uncaughtException: listen EADDRINUSE: address already in use :::3000\nError: listen EADDRINUSE: address already in use :::3000\n    at Server.setupListenHandle [as _listen2] (net.js:1280:14)\n    at listenInCluster (net.js:1328:12)\n    at Server.listen (net.js:1415:7)\n    at Function.listen (/var/www/html/smsstaging/server/node_modules/express/lib/application.js:618:24)\n    at startServer (/var/www/html/smsstaging/server/app.js:36:9)\n    at process._tickCallback (internal/process/next_tick.js:68:7)","stack":"Error: listen EADDRINUSE: address already in use :::3000\n    at Server.setupListenHandle [as _listen2] (net.js:1280:14)\n    at listenInCluster (net.js:1328:12)\n    at Server.listen (net.js:1415:7)\n    at Function.listen (/var/www/html/smsstaging/server/node_modules/express/lib/application.js:618:24)\n    at startServer (/var/www/html/smsstaging/server/app.js:36:9)\n    at process._tickCallback (internal/process/next_tick.js:68:7)","exception":true,"date":"Fri Dec 10 2021 02:44:04 GMT-0500 (Eastern Standard Time)","process":{"pid":22027,"uid":1000,"gid":1000,"cwd":"/var/www/html/smsstaging/server","execPath":"/home/devsms/.nvm/versions/node/v10.21.0/bin/node","version":"v10.21.0","argv":["/home/devsms/.nvm/versions/node/v10.21.0/bin/node","/var/www/html/smsstaging/server/app.js"],"memoryUsage":{"rss":113635328,"heapTotal":82571264,"heapUsed":53887640,"external":20435689}},"os":{"loadavg":[0.21337890625,0.076171875,0.05615234375],"uptime":79976},"trace":[{"column":14,"file":"net.js","function":"Server.setupListenHandle [as _listen2]","line":1280,"method":"setupListenHandle [as _listen2]","native":false},{"column":12,"file":"net.js","function":"listenInCluster","line":1328,"method":null,"native":false},{"column":7,"file":"net.js","function":"Server.listen","line":1415,"method":"listen","native":false},{"column":24,"file":"/var/www/html/smsstaging/server/node_modules/express/lib/application.js","function":"Function.listen","line":618,"method":"listen","native":false},{"column":9,"file":"/var/www/html/smsstaging/server/app.js","function":"startServer","line":36,"method":null,"native":false},{"column":7,"file":"internal/process/next_tick.js","function":"process._tickCallback","line":68,"method":"_tickCallback","native":false}],"timestamp":"2021-12-10 02:44:04"}
{"message":"✌️ DB loaded and connected!","level":"info","timestamp":"2021-12-10 02:48:04"}
{"message":"✌️ Agenda injected into container","level":"info","timestamp":"2021-12-10 02:48:04"}
{"message":"✌️ Dependency Injector loaded","level":"info","timestamp":"2021-12-10 02:48:04"}
{"message":"✌️ Jobs loaded","level":"info","timestamp":"2021-12-10 02:48:04"}
{"message":"✌️ Express loaded","level":"info","timestamp":"2021-12-10 02:48:04"}
{"error":{"code":"EADDRINUSE","errno":"EADDRINUSE","syscall":"listen","address":"::","port":3000},"level":"error","message":"uncaughtException: listen EADDRINUSE: address already in use :::3000\nError: listen EADDRINUSE: address already in use :::3000\n    at Server.setupListenHandle [as _listen2] (net.js:1280:14)\n    at listenInCluster (net.js:1328:12)\n    at Server.listen (net.js:1415:7)\n    at Function.listen (/var/www/html/smsstaging/server/node_modules/express/lib/application.js:618:24)\n    at startServer (/var/www/html/smsstaging/server/app.js:36:9)\n    at process._tickCallback (internal/process/next_tick.js:68:7)","stack":"Error: listen EADDRINUSE: address already in use :::3000\n    at Server.setupListenHandle [as _listen2] (net.js:1280:14)\n    at listenInCluster (net.js:1328:12)\n    at Server.listen (net.js:1415:7)\n    at Function.listen (/var/www/html/smsstaging/server/node_modules/express/lib/application.js:618:24)\n    at startServer (/var/www/html/smsstaging/server/app.js:36:9)\n    at process._tickCallback (internal/process/next_tick.js:68:7)","exception":true,"date":"Fri Dec 10 2021 02:48:04 GMT-0500 (Eastern Standard Time)","process":{"pid":22080,"uid":1000,"gid":1000,"cwd":"/var/www/html/smsstaging/server","execPath":"/home/devsms/.nvm/versions/node/v10.21.0/bin/node","version":"v10.21.0","argv":["/home/devsms/.nvm/versions/node/v10.21.0/bin/node","/var/www/html/smsstaging/server/app.js"],"memoryUsage":{"rss":114950144,"heapTotal":82046976,"heapUsed":53579328,"external":20435689}},"os":{"loadavg":[0.0009765625,0.0263671875,0.03271484375],"uptime":80216},"trace":[{"column":14,"file":"net.js","function":"Server.setupListenHandle [as _listen2]","line":1280,"method":"setupListenHandle [as _listen2]","native":false},{"column":12,"file":"net.js","function":"listenInCluster","line":1328,"method":null,"native":false},{"column":7,"file":"net.js","function":"Server.listen","line":1415,"method":"listen","native":false},{"column":24,"file":"/var/www/html/smsstaging/server/node_modules/express/lib/application.js","function":"Function.listen","line":618,"method":"listen","native":false},{"column":9,"file":"/var/www/html/smsstaging/server/app.js","function":"startServer","line":36,"method":null,"native":false},{"column":7,"file":"internal/process/next_tick.js","function":"process._tickCallback","line":68,"method":"_tickCallback","native":false}],"timestamp":"2021-12-10 02:48:04"}
{"message":"API [common.route] called.","level":"info","timestamp":"2021-12-10 02:49:32"}
{"level":"info","message":"Calling auth endpoint with body: {}","timestamp":"2021-12-10 02:49:32"}
{"message":"[common.service.ts] material choice data found.","level":"info","timestamp":"2021-12-10 02:49:32"}
{"message":"API [ar-wr-cal.route] called.","level":"info","timestamp":"2021-12-10 02:49:33"}
{"message":"[ar-wr-cal.service] if condition called.","level":"info","timestamp":"2021-12-10 02:49:33"}
{"message":"API [ar-wr-cal.route] called.","level":"info","timestamp":"2021-12-10 02:49:33"}
{"message":"[ar-wr-cal.service] function getArWrCalcDropDownItems if condition called.","level":"info","timestamp":"2021-12-10 02:49:33"}
{"level":"info","message":"Calling auth endpoint with body: {}","timestamp":"2021-12-10 02:49:53"}
{"message":"API [common.route] called.","level":"info","timestamp":"2021-12-10 02:49:53"}
{"message":"[common.service.ts] material choice data found.","level":"info","timestamp":"2021-12-10 02:49:53"}
{"message":"API [Gland-Size-cal.route] called.","level":"info","timestamp":"2021-12-10 02:49:53"}
{"message":"[Gland-Size-cal.service] if condition called.","level":"info","timestamp":"2021-12-10 02:49:53"}
