{"message":"✌️ DB loaded and connected!","level":"info","timestamp":"2021-12-09 04:04:03"}
{"message":"✌️ Agenda injected into container","level":"info","timestamp":"2021-12-09 04:04:04"}
{"message":"✌️ Dependency Injector loaded","level":"info","timestamp":"2021-12-09 04:04:04"}
{"message":"✌️ Jobs loaded","level":"info","timestamp":"2021-12-09 04:04:04"}
{"message":"✌️ Express loaded","level":"info","timestamp":"2021-12-09 04:04:04"}
{"message":"\n      ################################################\n      🛡️  Server listening on port: 3000 🛡️ \n      ################################################\n    ","level":"info","timestamp":"2021-12-09 04:04:04"}
{"message":"API [common.route] called.","level":"info","timestamp":"2021-12-09 04:04:12"}
{"message":"[common.service.ts] material choice data found.","level":"info","timestamp":"2021-12-09 04:04:12"}
{"message":"API [common.route] called.","level":"info","timestamp":"2021-12-09 04:04:20"}
{"level":"info","message":"Calling auth endpoint with body: {}","timestamp":"2021-12-09 04:04:20"}
{"message":"[common.service.ts] material choice data found.","level":"info","timestamp":"2021-12-09 04:04:20"}
{"level":"info","message":"Calling auth endpoint with body: {}","timestamp":"2021-12-09 04:04:28"}
{"message":"API [common.route] called.","level":"info","timestamp":"2021-12-09 04:04:28"}
{"message":"[common.service.ts] material choice data found.","level":"info","timestamp":"2021-12-09 04:04:28"}
{"message":"API [common.route] called.","level":"info","timestamp":"2021-12-09 04:05:03"}
{"level":"info","message":"Calling auth endpoint with body: {}","timestamp":"2021-12-09 04:05:03"}
{"message":"[common.service.ts] material choice data found.","level":"info","timestamp":"2021-12-09 04:05:03"}
{"message":"API [Gland-Size-cal.route] called.","level":"info","timestamp":"2021-12-09 04:05:04"}
{"message":"[Gland-Size-cal.service] if condition called.","level":"info","timestamp":"2021-12-09 04:05:04"}
{"level":"info","message":"Calling auth endpoint with body: {}","timestamp":"2021-12-09 04:06:20"}
{"message":"API [common.route] called.","level":"info","timestamp":"2021-12-09 04:06:20"}
{"message":"[common.service.ts] material choice data found.","level":"info","timestamp":"2021-12-09 04:06:20"}
{"message":"API [Gland-Size-cal.route] called.","level":"info","timestamp":"2021-12-09 04:06:21"}
{"message":"[Gland-Size-cal.service] if condition called.","level":"info","timestamp":"2021-12-09 04:06:21"}
{"message":"API [O-Ring-gland-Analysis-cal.route] dashSizeDetails API called.","level":"info","timestamp":"2021-12-09 04:07:26"}
{"message":"✌️ DB loaded and connected!","level":"info","timestamp":"2021-12-09 04:08:12"}
{"message":"✌️ Agenda injected into container","level":"info","timestamp":"2021-12-09 04:08:12"}
{"message":"✌️ Dependency Injector loaded","level":"info","timestamp":"2021-12-09 04:08:12"}
{"message":"✌️ Jobs loaded","level":"info","timestamp":"2021-12-09 04:08:12"}
{"message":"✌️ Express loaded","level":"info","timestamp":"2021-12-09 04:08:12"}
{"message":"\n      ################################################\n      🛡️  Server listening on port: 3000 🛡️ \n      ################################################\n    ","level":"info","timestamp":"2021-12-09 04:08:12"}
{"message":"API [Gland-Size-cal.route] createGland API called.","level":"info","timestamp":"2021-12-09 04:08:25"}
{"message":"[O-Ring-gland-Analysis-cal.service] createRectangleOring called.","level":"info","timestamp":"2021-12-09 04:08:26"}
{"message":"[O-Ring-gland-Analysis-cal.service] createRectangleOring called.","level":"info","timestamp":"2021-12-09 04:08:26"}
{"message":"[O-Ring-gland-Analysis-cal.service] createRectangleOring called.","level":"info","timestamp":"2021-12-09 04:08:26"}
{"message":"[O-Ring-gland-Analysis-cal.service] createRectangleOring called.","level":"info","timestamp":"2021-12-09 04:08:26"}
{"message":"[O-Ring-gland-Analysis-cal.service] createRectangleOring called.","level":"info","timestamp":"2021-12-09 04:08:26"}
{"message":"[O-Ring-gland-Analysis-cal.service] createRectangleOring called.","level":"info","timestamp":"2021-12-09 04:08:26"}
{"message":"[O-Ring-gland-Analysis-cal.service] createRectangleOring called.","level":"info","timestamp":"2021-12-09 04:08:26"}
{"message":"[O-Ring-gland-Analysis-cal.service] createRectangleOring called.","level":"info","timestamp":"2021-12-09 04:08:26"}
{"message":"[O-Ring-gland-Analysis-cal.service] createRectangleOring called.","level":"info","timestamp":"2021-12-09 04:08:26"}
{"message":"[O-Ring-gland-Analysis-cal.service] createRectangleOring called.","level":"info","timestamp":"2021-12-09 04:08:26"}
{"message":"[O-Ring-gland-Analysis-cal.service] createRectangleOring called.","level":"info","timestamp":"2021-12-09 04:08:26"}
{"message":"[O-Ring-gland-Analysis-cal.service] createRectangleOring called.","level":"info","timestamp":"2021-12-09 04:08:26"}
{"message":"[O-Ring-gland-Analysis-cal.service] createRectangleOring called.","level":"info","timestamp":"2021-12-09 04:08:26"}
{"message":"[O-Ring-gland-Analysis-cal.service] createRectangleOring called.","level":"info","timestamp":"2021-12-09 04:08:26"}
{"message":"[O-Ring-gland-Analysis-cal.service] createRectangleOring called.","level":"info","timestamp":"2021-12-09 04:08:26"}
{"message":"[O-Ring-gland-Analysis-cal.service] createRectangleOring called.","level":"info","timestamp":"2021-12-09 04:08:26"}
{"message":"[O-Ring-gland-Analysis-cal.service] createRectangleOring called.","level":"info","timestamp":"2021-12-09 04:08:26"}
{"message":"[O-Ring-gland-Analysis-cal.service] createRectangleOring called.","level":"info","timestamp":"2021-12-09 04:08:26"}
{"message":"[O-Ring-gland-Analysis-cal.service] createRectangleOring called.","level":"info","timestamp":"2021-12-09 04:08:26"}
{"message":"[O-Ring-gland-Analysis-cal.service] createRectangleOring called.","level":"info","timestamp":"2021-12-09 04:08:26"}
{"message":"[O-Ring-gland-Analysis-cal.service] createRectangleOring called.","level":"info","timestamp":"2021-12-09 04:08:26"}
{"message":"[O-Ring-gland-Analysis-cal.service] createRectangleOring called.","level":"info","timestamp":"2021-12-09 04:08:26"}
{"message":"[O-Ring-gland-Analysis-cal.service] createRectangleOring called.","level":"info","timestamp":"2021-12-09 04:08:26"}
{"message":"[O-Ring-gland-Analysis-cal.service] createRectangleOring called.","level":"info","timestamp":"2021-12-09 04:08:26"}
{"message":"[O-Ring-gland-Analysis-cal.service] createRectangleOring called.","level":"info","timestamp":"2021-12-09 04:08:26"}
{"message":"[O-Ring-gland-Analysis-cal.service] createRectangleOring called.","level":"info","timestamp":"2021-12-09 04:08:26"}
{"message":"[O-Ring-gland-Analysis-cal.service] createRectangleOring called.","level":"info","timestamp":"2021-12-09 04:08:26"}
{"message":"[O-Ring-gland-Analysis-cal.service] createRectangleOring called.","level":"info","timestamp":"2021-12-09 04:08:26"}
{"message":"[O-Ring-gland-Analysis-cal.service] createRectangleOring called.","level":"info","timestamp":"2021-12-09 04:08:26"}
{"message":"[O-Ring-gland-Analysis-cal.service] createRectangleOring called.","level":"info","timestamp":"2021-12-09 04:08:26"}
{"message":"[O-Ring-gland-Analysis-cal.service] createRectangleOring called.","level":"info","timestamp":"2021-12-09 04:08:26"}
{"message":"[O-Ring-gland-Analysis-cal.service] createRectangleOring called.","level":"info","timestamp":"2021-12-09 04:08:26"}
{"message":"[O-Ring-gland-Analysis-cal.service] createRectangleOring called.","level":"info","timestamp":"2021-12-09 04:08:26"}
{"message":"[O-Ring-gland-Analysis-cal.service] createRectangleOring called.","level":"info","timestamp":"2021-12-09 04:08:26"}
{"message":"[O-Ring-gland-Analysis-cal.service] createRectangleOring called.","level":"info","timestamp":"2021-12-09 04:08:26"}
{"message":"[O-Ring-gland-Analysis-cal.service] createRectangleOring called.","level":"info","timestamp":"2021-12-09 04:08:27"}
{"message":"[O-Ring-gland-Analysis-cal.service] createRectangleOring called.","level":"info","timestamp":"2021-12-09 04:08:27"}
{"message":"[O-Ring-gland-Analysis-cal.service] createRectangleOring called.","level":"info","timestamp":"2021-12-09 04:08:27"}
{"message":"[O-Ring-gland-Analysis-cal.service] createRectangleOring called.","level":"info","timestamp":"2021-12-09 04:08:27"}
{"message":"[O-Ring-gland-Analysis-cal.service] createRectangleOring called.","level":"info","timestamp":"2021-12-09 04:08:27"}
{"message":"[O-Ring-gland-Analysis-cal.service] createRectangleOring called.","level":"info","timestamp":"2021-12-09 04:08:27"}
{"message":"[O-Ring-gland-Analysis-cal.service] createRectangleOring called.","level":"info","timestamp":"2021-12-09 04:08:27"}
{"message":"[O-Ring-gland-Analysis-cal.service] createRectangleOring called.","level":"info","timestamp":"2021-12-09 04:08:27"}
{"message":"[O-Ring-gland-Analysis-cal.service] createRectangleOring called.","level":"info","timestamp":"2021-12-09 04:08:27"}
{"message":"[O-Ring-gland-Analysis-cal.service] createRectangleOring called.","level":"info","timestamp":"2021-12-09 04:08:27"}
{"message":"[O-Ring-gland-Analysis-cal.service] createRectangleOring called.","level":"info","timestamp":"2021-12-09 04:08:27"}
{"message":"[O-Ring-gland-Analysis-cal.service] createRectangleOring called.","level":"info","timestamp":"2021-12-09 04:08:27"}
{"message":"[O-Ring-gland-Analysis-cal.service] createRectangleOring called.","level":"info","timestamp":"2021-12-09 04:08:27"}
{"message":"[O-Ring-gland-Analysis-cal.service] createRectangleOring called.","level":"info","timestamp":"2021-12-09 04:08:27"}
{"message":"[O-Ring-gland-Analysis-cal.service] createRectangleOring called.","level":"info","timestamp":"2021-12-09 04:08:27"}
{"message":"[O-Ring-gland-Analysis-cal.service] createRectangleOring called.","level":"info","timestamp":"2021-12-09 04:08:27"}
{"message":"[O-Ring-gland-Analysis-cal.service] createRectangleOring called.","level":"info","timestamp":"2021-12-09 04:08:27"}
{"message":"[O-Ring-gland-Analysis-cal.service] createRectangleOring called.","level":"info","timestamp":"2021-12-09 04:08:27"}
{"message":"[O-Ring-gland-Analysis-cal.service] createRectangleOring called.","level":"info","timestamp":"2021-12-09 04:08:27"}
{"message":"[O-Ring-gland-Analysis-cal.service] createRectangleOring called.","level":"info","timestamp":"2021-12-09 04:08:27"}
{"message":"[O-Ring-gland-Analysis-cal.service] createRectangleOring called.","level":"info","timestamp":"2021-12-09 04:08:27"}
{"message":"[O-Ring-gland-Analysis-cal.service] createRectangleOring called.","level":"info","timestamp":"2021-12-09 04:08:27"}
{"message":"[O-Ring-gland-Analysis-cal.service] createRectangleOring called.","level":"info","timestamp":"2021-12-09 04:08:27"}
{"message":"[O-Ring-gland-Analysis-cal.service] createRectangleOring called.","level":"info","timestamp":"2021-12-09 04:08:27"}
{"message":"[O-Ring-gland-Analysis-cal.service] createRectangleOring called.","level":"info","timestamp":"2021-12-09 04:08:27"}
{"message":"[O-Ring-gland-Analysis-cal.service] createRectangleOring called.","level":"info","timestamp":"2021-12-09 04:08:27"}
{"message":"[O-Ring-gland-Analysis-cal.service] createRectangleOring called.","level":"info","timestamp":"2021-12-09 04:08:27"}
{"message":"[O-Ring-gland-Analysis-cal.service] createRectangleOring called.","level":"info","timestamp":"2021-12-09 04:08:27"}
{"message":"[O-Ring-gland-Analysis-cal.service] createRectangleOring called.","level":"info","timestamp":"2021-12-09 04:08:27"}
{"message":"[O-Ring-gland-Analysis-cal.service] createRectangleOring called.","level":"info","timestamp":"2021-12-09 04:08:27"}
{"message":"[O-Ring-gland-Analysis-cal.service] createRectangleOring called.","level":"info","timestamp":"2021-12-09 04:08:27"}
{"message":"[O-Ring-gland-Analysis-cal.service] createRectangleOring called.","level":"info","timestamp":"2021-12-09 04:08:27"}
{"message":"[O-Ring-gland-Analysis-cal.service] createRectangleOring called.","level":"info","timestamp":"2021-12-09 04:08:27"}
{"message":"[O-Ring-gland-Analysis-cal.service] createRectangleOring called.","level":"info","timestamp":"2021-12-09 04:08:27"}
{"message":"[O-Ring-gland-Analysis-cal.service] createRectangleOring called.","level":"info","timestamp":"2021-12-09 04:08:27"}
{"message":"[O-Ring-gland-Analysis-cal.service] createRectangleOring called.","level":"info","timestamp":"2021-12-09 04:08:27"}
{"message":"[O-Ring-gland-Analysis-cal.service] createRectangleOring called.","level":"info","timestamp":"2021-12-09 04:08:27"}
{"message":"[O-Ring-gland-Analysis-cal.service] createRectangleOring called.","level":"info","timestamp":"2021-12-09 04:08:27"}
{"message":"[O-Ring-gland-Analysis-cal.service] createRectangleOring called.","level":"info","timestamp":"2021-12-09 04:08:27"}
{"message":"[O-Ring-gland-Analysis-cal.service] createRectangleOring called.","level":"info","timestamp":"2021-12-09 04:08:27"}
{"message":"[O-Ring-gland-Analysis-cal.service] createRectangleOring called.","level":"info","timestamp":"2021-12-09 04:08:27"}
{"message":"[O-Ring-gland-Analysis-cal.service] createRectangleOring called.","level":"info","timestamp":"2021-12-09 04:08:27"}
{"message":"[O-Ring-gland-Analysis-cal.service] createRectangleOring called.","level":"info","timestamp":"2021-12-09 04:08:27"}
{"message":"[O-Ring-gland-Analysis-cal.service] createRectangleOring called.","level":"info","timestamp":"2021-12-09 04:08:27"}
{"message":"[O-Ring-gland-Analysis-cal.service] createRectangleOring called.","level":"info","timestamp":"2021-12-09 04:08:27"}
{"message":"[O-Ring-gland-Analysis-cal.service] createRectangleOring called.","level":"info","timestamp":"2021-12-09 04:08:27"}
{"message":"[O-Ring-gland-Analysis-cal.service] createRectangleOring called.","level":"info","timestamp":"2021-12-09 04:08:27"}
{"message":"[O-Ring-gland-Analysis-cal.service] createRectangleOring called.","level":"info","timestamp":"2021-12-09 04:08:27"}
{"message":"[O-Ring-gland-Analysis-cal.service] createRectangleOring called.","level":"info","timestamp":"2021-12-09 04:08:27"}
{"message":"[O-Ring-gland-Analysis-cal.service] createRectangleOring called.","level":"info","timestamp":"2021-12-09 04:08:27"}
{"message":"[O-Ring-gland-Analysis-cal.service] createRectangleOring called.","level":"info","timestamp":"2021-12-09 04:08:27"}
{"message":"[O-Ring-gland-Analysis-cal.service] createRectangleOring called.","level":"info","timestamp":"2021-12-09 04:08:27"}
{"message":"[O-Ring-gland-Analysis-cal.service] createRectangleOring called.","level":"info","timestamp":"2021-12-09 04:08:27"}
{"message":"[O-Ring-gland-Analysis-cal.service] createRectangleOring called.","level":"info","timestamp":"2021-12-09 04:08:27"}
{"message":"[O-Ring-gland-Analysis-cal.service] createRectangleOring called.","level":"info","timestamp":"2021-12-09 04:08:27"}
{"message":"[O-Ring-gland-Analysis-cal.service] createRectangleOring called.","level":"info","timestamp":"2021-12-09 04:08:27"}
{"message":"[O-Ring-gland-Analysis-cal.service] createRectangleOring called.","level":"info","timestamp":"2021-12-09 04:08:27"}
{"message":"[O-Ring-gland-Analysis-cal.service] createRectangleOring called.","level":"info","timestamp":"2021-12-09 04:08:27"}
{"message":"[O-Ring-gland-Analysis-cal.service] createRectangleOring called.","level":"info","timestamp":"2021-12-09 04:08:27"}
{"message":"[O-Ring-gland-Analysis-cal.service] createRectangleOring called.","level":"info","timestamp":"2021-12-09 04:08:27"}
{"message":"[O-Ring-gland-Analysis-cal.service] createRectangleOring called.","level":"info","timestamp":"2021-12-09 04:08:27"}
{"message":"[O-Ring-gland-Analysis-cal.service] createRectangleOring called.","level":"info","timestamp":"2021-12-09 04:08:28"}
{"message":"[O-Ring-gland-Analysis-cal.service] createRectangleOring called.","level":"info","timestamp":"2021-12-09 04:08:28"}
{"message":"[O-Ring-gland-Analysis-cal.service] createRectangleOring called.","level":"info","timestamp":"2021-12-09 04:08:28"}
{"message":"[O-Ring-gland-Analysis-cal.service] createRectangleOring called.","level":"info","timestamp":"2021-12-09 04:08:28"}
{"message":"[O-Ring-gland-Analysis-cal.service] createRectangleOring called.","level":"info","timestamp":"2021-12-09 04:08:28"}
{"message":"[O-Ring-gland-Analysis-cal.service] createRectangleOring called.","level":"info","timestamp":"2021-12-09 04:08:28"}
{"message":"[O-Ring-gland-Analysis-cal.service] createRectangleOring called.","level":"info","timestamp":"2021-12-09 04:08:28"}
{"message":"[O-Ring-gland-Analysis-cal.service] createRectangleOring called.","level":"info","timestamp":"2021-12-09 04:08:28"}
{"message":"[O-Ring-gland-Analysis-cal.service] createRectangleOring called.","level":"info","timestamp":"2021-12-09 04:08:28"}
{"message":"[O-Ring-gland-Analysis-cal.service] createRectangleOring called.","level":"info","timestamp":"2021-12-09 04:08:28"}
{"message":"[O-Ring-gland-Analysis-cal.service] createRectangleOring called.","level":"info","timestamp":"2021-12-09 04:08:28"}
{"message":"[O-Ring-gland-Analysis-cal.service] createRectangleOring called.","level":"info","timestamp":"2021-12-09 04:08:28"}
{"message":"[O-Ring-gland-Analysis-cal.service] createRectangleOring called.","level":"info","timestamp":"2021-12-09 04:08:28"}
{"message":"[O-Ring-gland-Analysis-cal.service] createRectangleOring called.","level":"info","timestamp":"2021-12-09 04:08:28"}
{"message":"[O-Ring-gland-Analysis-cal.service] createRectangleOring called.","level":"info","timestamp":"2021-12-09 04:08:28"}
{"message":"[O-Ring-gland-Analysis-cal.service] createRectangleOring called.","level":"info","timestamp":"2021-12-09 04:08:28"}
{"message":"[O-Ring-gland-Analysis-cal.service] createRectangleOring called.","level":"info","timestamp":"2021-12-09 04:08:28"}
{"message":"[O-Ring-gland-Analysis-cal.service] createRectangleOring called.","level":"info","timestamp":"2021-12-09 04:08:28"}
{"message":"[O-Ring-gland-Analysis-cal.service] createRectangleOring called.","level":"info","timestamp":"2021-12-09 04:08:28"}
{"message":"[O-Ring-gland-Analysis-cal.service] createRectangleOring called.","level":"info","timestamp":"2021-12-09 04:08:28"}
{"message":"API [Gland-Size-cal.route] createGland API called.","level":"info","timestamp":"2021-12-09 04:08:28"}
{"message":"[O-Ring-gland-Analysis-cal.service] createRectangleOring called.","level":"info","timestamp":"2021-12-09 04:08:28"}
{"message":"[O-Ring-gland-Analysis-cal.service] createRectangleOring called.","level":"info","timestamp":"2021-12-09 04:08:28"}
{"message":"[O-Ring-gland-Analysis-cal.service] createRectangleOring called.","level":"info","timestamp":"2021-12-09 04:08:28"}
{"message":"[O-Ring-gland-Analysis-cal.service] createRectangleOring called.","level":"info","timestamp":"2021-12-09 04:08:28"}
{"message":"[O-Ring-gland-Analysis-cal.service] createRectangleOring called.","level":"info","timestamp":"2021-12-09 04:08:28"}
{"message":"[O-Ring-gland-Analysis-cal.service] createRectangleOring called.","level":"info","timestamp":"2021-12-09 04:08:28"}
{"message":"[O-Ring-gland-Analysis-cal.service] createRectangleOring called.","level":"info","timestamp":"2021-12-09 04:08:28"}
{"message":"[O-Ring-gland-Analysis-cal.service] createRectangleOring called.","level":"info","timestamp":"2021-12-09 04:08:28"}
{"message":"[O-Ring-gland-Analysis-cal.service] createRectangleOring called.","level":"info","timestamp":"2021-12-09 04:08:28"}
{"message":"[O-Ring-gland-Analysis-cal.service] createRectangleOring called.","level":"info","timestamp":"2021-12-09 04:08:28"}
{"message":"[O-Ring-gland-Analysis-cal.service] createRectangleOring called.","level":"info","timestamp":"2021-12-09 04:08:28"}
{"message":"[O-Ring-gland-Analysis-cal.service] createRectangleOring called.","level":"info","timestamp":"2021-12-09 04:08:28"}
{"message":"[O-Ring-gland-Analysis-cal.service] createRectangleOring called.","level":"info","timestamp":"2021-12-09 04:08:28"}
{"message":"[O-Ring-gland-Analysis-cal.service] createRectangleOring called.","level":"info","timestamp":"2021-12-09 04:08:28"}
{"message":"[O-Ring-gland-Analysis-cal.service] createRectangleOring called.","level":"info","timestamp":"2021-12-09 04:08:28"}
{"message":"[O-Ring-gland-Analysis-cal.service] createRectangleOring called.","level":"info","timestamp":"2021-12-09 04:08:28"}
{"message":"[O-Ring-gland-Analysis-cal.service] createRectangleOring called.","level":"info","timestamp":"2021-12-09 04:08:28"}
{"message":"[O-Ring-gland-Analysis-cal.service] createRectangleOring called.","level":"info","timestamp":"2021-12-09 04:08:28"}
{"message":"[O-Ring-gland-Analysis-cal.service] createRectangleOring called.","level":"info","timestamp":"2021-12-09 04:08:28"}
{"message":"[O-Ring-gland-Analysis-cal.service] createRectangleOring called.","level":"info","timestamp":"2021-12-09 04:08:28"}
{"message":"[O-Ring-gland-Analysis-cal.service] createRectangleOring called.","level":"info","timestamp":"2021-12-09 04:08:28"}
{"message":"[O-Ring-gland-Analysis-cal.service] createRectangleOring called.","level":"info","timestamp":"2021-12-09 04:08:28"}
{"message":"[O-Ring-gland-Analysis-cal.service] createRectangleOring called.","level":"info","timestamp":"2021-12-09 04:08:28"}
{"message":"[O-Ring-gland-Analysis-cal.service] createRectangleOring called.","level":"info","timestamp":"2021-12-09 04:08:28"}
{"message":"[O-Ring-gland-Analysis-cal.service] createRectangleOring called.","level":"info","timestamp":"2021-12-09 04:08:28"}
{"message":"[O-Ring-gland-Analysis-cal.service] createRectangleOring called.","level":"info","timestamp":"2021-12-09 04:08:28"}
{"message":"[O-Ring-gland-Analysis-cal.service] createRectangleOring called.","level":"info","timestamp":"2021-12-09 04:08:28"}
{"message":"[O-Ring-gland-Analysis-cal.service] createRectangleOring called.","level":"info","timestamp":"2021-12-09 04:08:28"}
{"message":"[O-Ring-gland-Analysis-cal.service] createRectangleOring called.","level":"info","timestamp":"2021-12-09 04:08:28"}
{"message":"[O-Ring-gland-Analysis-cal.service] createRectangleOring called.","level":"info","timestamp":"2021-12-09 04:08:28"}
{"message":"[O-Ring-gland-Analysis-cal.service] createRectangleOring called.","level":"info","timestamp":"2021-12-09 04:08:28"}
{"message":"[O-Ring-gland-Analysis-cal.service] createRectangleOring called.","level":"info","timestamp":"2021-12-09 04:08:28"}
{"message":"[O-Ring-gland-Analysis-cal.service] createRectangleOring called.","level":"info","timestamp":"2021-12-09 04:08:28"}
{"message":"[O-Ring-gland-Analysis-cal.service] createRectangleOring called.","level":"info","timestamp":"2021-12-09 04:08:28"}
{"message":"[O-Ring-gland-Analysis-cal.service] createRectangleOring called.","level":"info","timestamp":"2021-12-09 04:08:28"}
{"message":"[O-Ring-gland-Analysis-cal.service] createRectangleOring called.","level":"info","timestamp":"2021-12-09 04:08:28"}
{"message":"[O-Ring-gland-Analysis-cal.service] createRectangleOring called.","level":"info","timestamp":"2021-12-09 04:08:28"}
{"message":"[O-Ring-gland-Analysis-cal.service] createRectangleOring called.","level":"info","timestamp":"2021-12-09 04:08:28"}
{"message":"[O-Ring-gland-Analysis-cal.service] createRectangleOring called.","level":"info","timestamp":"2021-12-09 04:08:28"}
{"message":"[O-Ring-gland-Analysis-cal.service] createRectangleOring called.","level":"info","timestamp":"2021-12-09 04:08:28"}
{"message":"[O-Ring-gland-Analysis-cal.service] createRectangleOring called.","level":"info","timestamp":"2021-12-09 04:08:28"}
{"message":"[O-Ring-gland-Analysis-cal.service] createRectangleOring called.","level":"info","timestamp":"2021-12-09 04:08:28"}
{"message":"[O-Ring-gland-Analysis-cal.service] createRectangleOring called.","level":"info","timestamp":"2021-12-09 04:08:28"}
{"message":"[O-Ring-gland-Analysis-cal.service] createRectangleOring called.","level":"info","timestamp":"2021-12-09 04:08:28"}
{"message":"[O-Ring-gland-Analysis-cal.service] createRectangleOring called.","level":"info","timestamp":"2021-12-09 04:08:28"}
{"message":"[O-Ring-gland-Analysis-cal.service] createRectangleOring called.","level":"info","timestamp":"2021-12-09 04:08:29"}
{"message":"[O-Ring-gland-Analysis-cal.service] createRectangleOring called.","level":"info","timestamp":"2021-12-09 04:08:29"}
{"message":"[O-Ring-gland-Analysis-cal.service] createRectangleOring called.","level":"info","timestamp":"2021-12-09 04:08:29"}
{"message":"[O-Ring-gland-Analysis-cal.service] createRectangleOring called.","level":"info","timestamp":"2021-12-09 04:08:29"}
{"message":"[O-Ring-gland-Analysis-cal.service] createRectangleOring called.","level":"info","timestamp":"2021-12-09 04:08:29"}
{"message":"[O-Ring-gland-Analysis-cal.service] createRectangleOring called.","level":"info","timestamp":"2021-12-09 04:08:29"}
{"message":"[O-Ring-gland-Analysis-cal.service] createRectangleOring called.","level":"info","timestamp":"2021-12-09 04:08:29"}
{"message":"[O-Ring-gland-Analysis-cal.service] createRectangleOring called.","level":"info","timestamp":"2021-12-09 04:08:29"}
{"message":"[O-Ring-gland-Analysis-cal.service] createRectangleOring called.","level":"info","timestamp":"2021-12-09 04:08:29"}
{"message":"[O-Ring-gland-Analysis-cal.service] createRectangleOring called.","level":"info","timestamp":"2021-12-09 04:08:29"}
{"message":"[O-Ring-gland-Analysis-cal.service] createRectangleOring called.","level":"info","timestamp":"2021-12-09 04:08:29"}
{"message":"[O-Ring-gland-Analysis-cal.service] createRectangleOring called.","level":"info","timestamp":"2021-12-09 04:08:29"}
{"message":"[O-Ring-gland-Analysis-cal.service] createRectangleOring called.","level":"info","timestamp":"2021-12-09 04:08:29"}
{"message":"[O-Ring-gland-Analysis-cal.service] createRectangleOring called.","level":"info","timestamp":"2021-12-09 04:08:29"}
{"message":"[O-Ring-gland-Analysis-cal.service] createRectangleOring called.","level":"info","timestamp":"2021-12-09 04:08:29"}
{"message":"[O-Ring-gland-Analysis-cal.service] createRectangleOring called.","level":"info","timestamp":"2021-12-09 04:08:29"}
{"message":"[O-Ring-gland-Analysis-cal.service] createRectangleOring called.","level":"info","timestamp":"2021-12-09 04:08:29"}
{"message":"[O-Ring-gland-Analysis-cal.service] createRectangleOring called.","level":"info","timestamp":"2021-12-09 04:08:29"}
{"message":"[O-Ring-gland-Analysis-cal.service] createRectangleOring called.","level":"info","timestamp":"2021-12-09 04:08:29"}
{"message":"[O-Ring-gland-Analysis-cal.service] createRectangleOring called.","level":"info","timestamp":"2021-12-09 04:08:29"}
{"message":"[O-Ring-gland-Analysis-cal.service] createRectangleOring called.","level":"info","timestamp":"2021-12-09 04:08:29"}
{"message":"[O-Ring-gland-Analysis-cal.service] createRectangleOring called.","level":"info","timestamp":"2021-12-09 04:08:29"}
{"message":"[O-Ring-gland-Analysis-cal.service] createRectangleOring called.","level":"info","timestamp":"2021-12-09 04:08:29"}
{"message":"[O-Ring-gland-Analysis-cal.service] createRectangleOring called.","level":"info","timestamp":"2021-12-09 04:08:29"}
{"message":"[O-Ring-gland-Analysis-cal.service] createRectangleOring called.","level":"info","timestamp":"2021-12-09 04:08:29"}
{"message":"[O-Ring-gland-Analysis-cal.service] createRectangleOring called.","level":"info","timestamp":"2021-12-09 04:08:29"}
{"message":"[O-Ring-gland-Analysis-cal.service] createRectangleOring called.","level":"info","timestamp":"2021-12-09 04:08:29"}
{"message":"[O-Ring-gland-Analysis-cal.service] createRectangleOring called.","level":"info","timestamp":"2021-12-09 04:08:29"}
{"message":"[O-Ring-gland-Analysis-cal.service] createRectangleOring called.","level":"info","timestamp":"2021-12-09 04:08:29"}
{"message":"[O-Ring-gland-Analysis-cal.service] createRectangleOring called.","level":"info","timestamp":"2021-12-09 04:08:29"}
{"message":"[O-Ring-gland-Analysis-cal.service] createRectangleOring called.","level":"info","timestamp":"2021-12-09 04:08:29"}
{"message":"[O-Ring-gland-Analysis-cal.service] createRectangleOring called.","level":"info","timestamp":"2021-12-09 04:08:29"}
{"message":"[O-Ring-gland-Analysis-cal.service] createRectangleOring called.","level":"info","timestamp":"2021-12-09 04:08:29"}
{"message":"[O-Ring-gland-Analysis-cal.service] createRectangleOring called.","level":"info","timestamp":"2021-12-09 04:08:29"}
{"message":"[O-Ring-gland-Analysis-cal.service] createRectangleOring called.","level":"info","timestamp":"2021-12-09 04:08:29"}
{"message":"[O-Ring-gland-Analysis-cal.service] createRectangleOring called.","level":"info","timestamp":"2021-12-09 04:08:29"}
{"message":"[O-Ring-gland-Analysis-cal.service] createRectangleOring called.","level":"info","timestamp":"2021-12-09 04:08:29"}
{"message":"[O-Ring-gland-Analysis-cal.service] createRectangleOring called.","level":"info","timestamp":"2021-12-09 04:08:29"}
{"message":"[O-Ring-gland-Analysis-cal.service] createRectangleOring called.","level":"info","timestamp":"2021-12-09 04:08:29"}
{"message":"[O-Ring-gland-Analysis-cal.service] createRectangleOring called.","level":"info","timestamp":"2021-12-09 04:08:29"}
{"message":"[O-Ring-gland-Analysis-cal.service] createRectangleOring called.","level":"info","timestamp":"2021-12-09 04:08:29"}
{"message":"[O-Ring-gland-Analysis-cal.service] createRectangleOring called.","level":"info","timestamp":"2021-12-09 04:08:29"}
{"message":"[O-Ring-gland-Analysis-cal.service] createRectangleOring called.","level":"info","timestamp":"2021-12-09 04:08:29"}
{"message":"[O-Ring-gland-Analysis-cal.service] createRectangleOring called.","level":"info","timestamp":"2021-12-09 04:08:29"}
{"message":"[O-Ring-gland-Analysis-cal.service] createRectangleOring called.","level":"info","timestamp":"2021-12-09 04:08:29"}
{"message":"[O-Ring-gland-Analysis-cal.service] createRectangleOring called.","level":"info","timestamp":"2021-12-09 04:08:29"}
{"message":"[O-Ring-gland-Analysis-cal.service] createRectangleOring called.","level":"info","timestamp":"2021-12-09 04:08:29"}
{"message":"[O-Ring-gland-Analysis-cal.service] createRectangleOring called.","level":"info","timestamp":"2021-12-09 04:08:29"}
{"message":"[O-Ring-gland-Analysis-cal.service] createRectangleOring called.","level":"info","timestamp":"2021-12-09 04:08:29"}
{"message":"[O-Ring-gland-Analysis-cal.service] createRectangleOring called.","level":"info","timestamp":"2021-12-09 04:08:29"}
{"message":"[O-Ring-gland-Analysis-cal.service] createRectangleOring called.","level":"info","timestamp":"2021-12-09 04:08:29"}
{"message":"[O-Ring-gland-Analysis-cal.service] createRectangleOring called.","level":"info","timestamp":"2021-12-09 04:08:29"}
{"message":"[O-Ring-gland-Analysis-cal.service] createRectangleOring called.","level":"info","timestamp":"2021-12-09 04:08:29"}
{"message":"[O-Ring-gland-Analysis-cal.service] createRectangleOring called.","level":"info","timestamp":"2021-12-09 04:08:29"}
{"message":"[O-Ring-gland-Analysis-cal.service] createRectangleOring called.","level":"info","timestamp":"2021-12-09 04:08:29"}
{"message":"[O-Ring-gland-Analysis-cal.service] createRectangleOring called.","level":"info","timestamp":"2021-12-09 04:08:29"}
{"message":"[O-Ring-gland-Analysis-cal.service] createRectangleOring called.","level":"info","timestamp":"2021-12-09 04:08:29"}
{"message":"[O-Ring-gland-Analysis-cal.service] createRectangleOring called.","level":"info","timestamp":"2021-12-09 04:08:29"}
{"message":"[O-Ring-gland-Analysis-cal.service] createRectangleOring called.","level":"info","timestamp":"2021-12-09 04:08:29"}
{"message":"[O-Ring-gland-Analysis-cal.service] createRectangleOring called.","level":"info","timestamp":"2021-12-09 04:08:29"}
{"message":"[O-Ring-gland-Analysis-cal.service] createRectangleOring called.","level":"info","timestamp":"2021-12-09 04:08:29"}
{"message":"API [O-Ring-gland-Analysis-cal.route] called.","level":"info","timestamp":"2021-12-09 04:08:29"}
{"message":"[O-Ring-gland-Analysis-cal.service] createRectangleOring called.","level":"info","timestamp":"2021-12-09 04:08:29"}
{"message":"[O-Ring-gland-Analysis-cal.service] createRectangleOring called.","level":"info","timestamp":"2021-12-09 04:08:29"}
{"message":"[O-Ring-gland-Analysis-cal.service] createRectangleOring called.","level":"info","timestamp":"2021-12-09 04:08:29"}
{"message":"[O-Ring-gland-Analysis-cal.service] createRectangleOring called.","level":"info","timestamp":"2021-12-09 04:08:29"}
{"message":"[O-Ring-gland-Analysis-cal.service] createRectangleOring called.","level":"info","timestamp":"2021-12-09 04:08:29"}
{"message":"[O-Ring-gland-Analysis-cal.service] createRectangleOring called.","level":"info","timestamp":"2021-12-09 04:08:29"}
{"message":"[O-Ring-gland-Analysis-cal.service] createRectangleOring called.","level":"info","timestamp":"2021-12-09 04:08:29"}
{"message":"[O-Ring-gland-Analysis-cal.service] createRectangleOring called.","level":"info","timestamp":"2021-12-09 04:08:29"}
{"message":"[O-Ring-gland-Analysis-cal.service] createRectangleOring called.","level":"info","timestamp":"2021-12-09 04:08:29"}
{"message":"[O-Ring-gland-Analysis-cal.service] createRectangleOring called.","level":"info","timestamp":"2021-12-09 04:08:30"}
{"message":"[O-Ring-gland-Analysis-cal.service] createRectangleOring called.","level":"info","timestamp":"2021-12-09 04:08:30"}
{"message":"[O-Ring-gland-Analysis-cal.service] createRectangleOring called.","level":"info","timestamp":"2021-12-09 04:08:30"}
{"message":"[O-Ring-gland-Analysis-cal.service] createRectangleOring called.","level":"info","timestamp":"2021-12-09 04:08:30"}
{"message":"[O-Ring-gland-Analysis-cal.service] createRectangleOring called.","level":"info","timestamp":"2021-12-09 04:08:30"}
{"message":"[O-Ring-gland-Analysis-cal.service] if condition called.","level":"info","timestamp":"2021-12-09 04:08:30"}
{"message":"[O-Ring-gland-Analysis-cal.service] createRectangleOring called.","level":"info","timestamp":"2021-12-09 04:08:30"}
{"message":"[O-Ring-gland-Analysis-cal.service] createRectangleOring called.","level":"info","timestamp":"2021-12-09 04:08:30"}
{"message":"[O-Ring-gland-Analysis-cal.service] createRectangleOring called.","level":"info","timestamp":"2021-12-09 04:08:30"}
{"message":"[O-Ring-gland-Analysis-cal.service] createRectangleOring called.","level":"info","timestamp":"2021-12-09 04:08:30"}
{"message":"[O-Ring-gland-Analysis-cal.service] createRectangleOring called.","level":"info","timestamp":"2021-12-09 04:08:30"}
{"message":"[O-Ring-gland-Analysis-cal.service] createRectangleOring called.","level":"info","timestamp":"2021-12-09 04:08:30"}
{"message":"[O-Ring-gland-Analysis-cal.service] createRectangleOring called.","level":"info","timestamp":"2021-12-09 04:08:30"}
{"message":"[O-Ring-gland-Analysis-cal.service] createRectangleOring called.","level":"info","timestamp":"2021-12-09 04:08:30"}
{"message":"[O-Ring-gland-Analysis-cal.service] createRectangleOring called.","level":"info","timestamp":"2021-12-09 04:08:30"}
{"message":"[O-Ring-gland-Analysis-cal.service] createRectangleOring called.","level":"info","timestamp":"2021-12-09 04:08:30"}
{"message":"[O-Ring-gland-Analysis-cal.service] createRectangleOring called.","level":"info","timestamp":"2021-12-09 04:08:30"}
{"message":"[O-Ring-gland-Analysis-cal.service] createRectangleOring called.","level":"info","timestamp":"2021-12-09 04:08:30"}
{"message":"[O-Ring-gland-Analysis-cal.service] createRectangleOring called.","level":"info","timestamp":"2021-12-09 04:08:30"}
{"message":"[O-Ring-gland-Analysis-cal.service] createRectangleOring called.","level":"info","timestamp":"2021-12-09 04:08:30"}
{"message":"[O-Ring-gland-Analysis-cal.service] createRectangleOring called.","level":"info","timestamp":"2021-12-09 04:08:30"}
{"message":"[O-Ring-gland-Analysis-cal.service] createRectangleOring called.","level":"info","timestamp":"2021-12-09 04:08:30"}
{"message":"[O-Ring-gland-Analysis-cal.service] createRectangleOring called.","level":"info","timestamp":"2021-12-09 04:08:30"}
{"message":"[O-Ring-gland-Analysis-cal.service] createRectangleOring called.","level":"info","timestamp":"2021-12-09 04:08:30"}
{"message":"[O-Ring-gland-Analysis-cal.service] createRectangleOring called.","level":"info","timestamp":"2021-12-09 04:08:30"}
{"message":"[O-Ring-gland-Analysis-cal.service] createRectangleOring called.","level":"info","timestamp":"2021-12-09 04:08:30"}
{"message":"[O-Ring-gland-Analysis-cal.service] createRectangleOring called.","level":"info","timestamp":"2021-12-09 04:08:30"}
{"message":"[O-Ring-gland-Analysis-cal.service] createRectangleOring called.","level":"info","timestamp":"2021-12-09 04:08:30"}
{"message":"[O-Ring-gland-Analysis-cal.service] createRectangleOring called.","level":"info","timestamp":"2021-12-09 04:08:30"}
{"message":"[O-Ring-gland-Analysis-cal.service] createRectangleOring called.","level":"info","timestamp":"2021-12-09 04:08:30"}
{"message":"[O-Ring-gland-Analysis-cal.service] createRectangleOring called.","level":"info","timestamp":"2021-12-09 04:08:30"}
{"message":"[O-Ring-gland-Analysis-cal.service] createRectangleOring called.","level":"info","timestamp":"2021-12-09 04:08:30"}
{"message":"[O-Ring-gland-Analysis-cal.service] createRectangleOring called.","level":"info","timestamp":"2021-12-09 04:08:30"}
{"message":"[O-Ring-gland-Analysis-cal.service] createRectangleOring called.","level":"info","timestamp":"2021-12-09 04:08:30"}
{"message":"[O-Ring-gland-Analysis-cal.service] createRectangleOring called.","level":"info","timestamp":"2021-12-09 04:08:30"}
{"message":"[O-Ring-gland-Analysis-cal.service] createRectangleOring called.","level":"info","timestamp":"2021-12-09 04:08:30"}
{"message":"[O-Ring-gland-Analysis-cal.service] createRectangleOring called.","level":"info","timestamp":"2021-12-09 04:08:30"}
{"message":"[O-Ring-gland-Analysis-cal.service] createRectangleOring called.","level":"info","timestamp":"2021-12-09 04:08:30"}
{"message":"[O-Ring-gland-Analysis-cal.service] createRectangleOring called.","level":"info","timestamp":"2021-12-09 04:08:30"}
{"message":"[O-Ring-gland-Analysis-cal.service] createRectangleOring called.","level":"info","timestamp":"2021-12-09 04:08:30"}
{"message":"[O-Ring-gland-Analysis-cal.service] createRectangleOring called.","level":"info","timestamp":"2021-12-09 04:08:30"}
{"message":"[O-Ring-gland-Analysis-cal.service] createRectangleOring called.","level":"info","timestamp":"2021-12-09 04:08:30"}
{"message":"[O-Ring-gland-Analysis-cal.service] createRectangleOring called.","level":"info","timestamp":"2021-12-09 04:08:30"}
{"message":"[O-Ring-gland-Analysis-cal.service] createRectangleOring called.","level":"info","timestamp":"2021-12-09 04:08:30"}
{"message":"[O-Ring-gland-Analysis-cal.service] createRectangleOring called.","level":"info","timestamp":"2021-12-09 04:08:30"}
{"message":"[O-Ring-gland-Analysis-cal.service] createRectangleOring called.","level":"info","timestamp":"2021-12-09 04:08:30"}
{"message":"[O-Ring-gland-Analysis-cal.service] createRectangleOring called.","level":"info","timestamp":"2021-12-09 04:08:30"}
{"message":"[O-Ring-gland-Analysis-cal.service] createRectangleOring called.","level":"info","timestamp":"2021-12-09 04:08:30"}
{"message":"[O-Ring-gland-Analysis-cal.service] createRectangleOring called.","level":"info","timestamp":"2021-12-09 04:08:30"}
{"message":"[O-Ring-gland-Analysis-cal.service] createRectangleOring called.","level":"info","timestamp":"2021-12-09 04:08:30"}
{"message":"[O-Ring-gland-Analysis-cal.service] createRectangleOring called.","level":"info","timestamp":"2021-12-09 04:08:30"}
{"message":"[O-Ring-gland-Analysis-cal.service] createRectangleOring called.","level":"info","timestamp":"2021-12-09 04:08:30"}
{"message":"[O-Ring-gland-Analysis-cal.service] createRectangleOring called.","level":"info","timestamp":"2021-12-09 04:08:30"}
{"message":"[O-Ring-gland-Analysis-cal.service] createRectangleOring called.","level":"info","timestamp":"2021-12-09 04:08:30"}
{"message":"[O-Ring-gland-Analysis-cal.service] createRectangleOring called.","level":"info","timestamp":"2021-12-09 04:08:30"}
{"message":"[O-Ring-gland-Analysis-cal.service] createRectangleOring called.","level":"info","timestamp":"2021-12-09 04:08:30"}
{"message":"[O-Ring-gland-Analysis-cal.service] createRectangleOring called.","level":"info","timestamp":"2021-12-09 04:08:30"}
{"message":"[O-Ring-gland-Analysis-cal.service] createRectangleOring called.","level":"info","timestamp":"2021-12-09 04:08:30"}
{"message":"[O-Ring-gland-Analysis-cal.service] createRectangleOring called.","level":"info","timestamp":"2021-12-09 04:08:30"}
{"message":"[O-Ring-gland-Analysis-cal.service] createRectangleOring called.","level":"info","timestamp":"2021-12-09 04:08:30"}
{"message":"[O-Ring-gland-Analysis-cal.service] createRectangleOring called.","level":"info","timestamp":"2021-12-09 04:08:30"}
{"message":"[O-Ring-gland-Analysis-cal.service] createRectangleOring called.","level":"info","timestamp":"2021-12-09 04:08:30"}
{"message":"[O-Ring-gland-Analysis-cal.service] createRectangleOring called.","level":"info","timestamp":"2021-12-09 04:08:30"}
{"message":"[O-Ring-gland-Analysis-cal.service] createRectangleOring called.","level":"info","timestamp":"2021-12-09 04:08:30"}
{"message":"[O-Ring-gland-Analysis-cal.service] createRectangleOring called.","level":"info","timestamp":"2021-12-09 04:08:30"}
{"message":"[O-Ring-gland-Analysis-cal.service] createRectangleOring called.","level":"info","timestamp":"2021-12-09 04:08:30"}
{"message":"[O-Ring-gland-Analysis-cal.service] createRectangleOring called.","level":"info","timestamp":"2021-12-09 04:08:30"}
{"message":"[O-Ring-gland-Analysis-cal.service] createRectangleOring called.","level":"info","timestamp":"2021-12-09 04:08:30"}
{"message":"[O-Ring-gland-Analysis-cal.service] createRectangleOring called.","level":"info","timestamp":"2021-12-09 04:08:30"}
{"message":"[O-Ring-gland-Analysis-cal.service] createRectangleOring called.","level":"info","timestamp":"2021-12-09 04:08:30"}
{"message":"[O-Ring-gland-Analysis-cal.service] createRectangleOring called.","level":"info","timestamp":"2021-12-09 04:08:31"}
{"message":"[O-Ring-gland-Analysis-cal.service] createRectangleOring called.","level":"info","timestamp":"2021-12-09 04:08:31"}
{"message":"[O-Ring-gland-Analysis-cal.service] createRectangleOring called.","level":"info","timestamp":"2021-12-09 04:08:31"}
{"message":"[O-Ring-gland-Analysis-cal.service] createRectangleOring called.","level":"info","timestamp":"2021-12-09 04:08:31"}
{"message":"[O-Ring-gland-Analysis-cal.service] createRectangleOring called.","level":"info","timestamp":"2021-12-09 04:08:31"}
{"message":"[O-Ring-gland-Analysis-cal.service] createRectangleOring called.","level":"info","timestamp":"2021-12-09 04:08:31"}
{"message":"[O-Ring-gland-Analysis-cal.service] createRectangleOring called.","level":"info","timestamp":"2021-12-09 04:08:31"}
{"message":"[O-Ring-gland-Analysis-cal.service] createRectangleOring called.","level":"info","timestamp":"2021-12-09 04:08:31"}
{"message":"[O-Ring-gland-Analysis-cal.service] createRectangleOring called.","level":"info","timestamp":"2021-12-09 04:08:31"}
{"message":"[O-Ring-gland-Analysis-cal.service] createRectangleOring called.","level":"info","timestamp":"2021-12-09 04:08:31"}
{"message":"[O-Ring-gland-Analysis-cal.service] createRectangleOring called.","level":"info","timestamp":"2021-12-09 04:08:31"}
{"message":"[O-Ring-gland-Analysis-cal.service] createRectangleOring called.","level":"info","timestamp":"2021-12-09 04:08:31"}
{"message":"[O-Ring-gland-Analysis-cal.service] createRectangleOring called.","level":"info","timestamp":"2021-12-09 04:08:31"}
{"message":"[O-Ring-gland-Analysis-cal.service] createRectangleOring called.","level":"info","timestamp":"2021-12-09 04:08:31"}
{"message":"[O-Ring-gland-Analysis-cal.service] createRectangleOring called.","level":"info","timestamp":"2021-12-09 04:08:31"}
{"level":"info","message":"Calling auth endpoint with body: {}","timestamp":"2021-12-09 04:08:31"}
{"message":"[O-Ring-gland-Analysis-cal.service] createRectangleOring called.","level":"info","timestamp":"2021-12-09 04:08:31"}
{"message":"[O-Ring-gland-Analysis-cal.service] createRectangleOring called.","level":"info","timestamp":"2021-12-09 04:08:31"}
{"message":"[O-Ring-gland-Analysis-cal.service] createRectangleOring called.","level":"info","timestamp":"2021-12-09 04:08:31"}
{"message":"[O-Ring-gland-Analysis-cal.service] createRectangleOring called.","level":"info","timestamp":"2021-12-09 04:08:31"}
{"message":"[O-Ring-gland-Analysis-cal.service] createRectangleOring called.","level":"info","timestamp":"2021-12-09 04:08:31"}
{"message":"[O-Ring-gland-Analysis-cal.service] createRectangleOring called.","level":"info","timestamp":"2021-12-09 04:08:31"}
{"message":"[O-Ring-gland-Analysis-cal.service] createRectangleOring called.","level":"info","timestamp":"2021-12-09 04:08:31"}
{"message":"[O-Ring-gland-Analysis-cal.service] createRectangleOring called.","level":"info","timestamp":"2021-12-09 04:08:31"}
{"message":"[O-Ring-gland-Analysis-cal.service] createRectangleOring called.","level":"info","timestamp":"2021-12-09 04:08:31"}
{"message":"[O-Ring-gland-Analysis-cal.service] createRectangleOring called.","level":"info","timestamp":"2021-12-09 04:08:31"}
{"message":"[O-Ring-gland-Analysis-cal.service] createRectangleOring called.","level":"info","timestamp":"2021-12-09 04:08:31"}
{"message":"[O-Ring-gland-Analysis-cal.service] createRectangleOring called.","level":"info","timestamp":"2021-12-09 04:08:31"}
{"message":"[O-Ring-gland-Analysis-cal.service] createRectangleOring called.","level":"info","timestamp":"2021-12-09 04:08:31"}
{"message":"[O-Ring-gland-Analysis-cal.service] createRectangleOring called.","level":"info","timestamp":"2021-12-09 04:08:31"}
{"message":"[O-Ring-gland-Analysis-cal.service] createRectangleOring called.","level":"info","timestamp":"2021-12-09 04:08:31"}
{"message":"[O-Ring-gland-Analysis-cal.service] createRectangleOring called.","level":"info","timestamp":"2021-12-09 04:08:31"}
{"message":"[O-Ring-gland-Analysis-cal.service] createRectangleOring called.","level":"info","timestamp":"2021-12-09 04:08:31"}
{"message":"[O-Ring-gland-Analysis-cal.service] createRectangleOring called.","level":"info","timestamp":"2021-12-09 04:08:31"}
{"message":"[O-Ring-gland-Analysis-cal.service] createRectangleOring called.","level":"info","timestamp":"2021-12-09 04:08:31"}
{"message":"[O-Ring-gland-Analysis-cal.service] createRectangleOring called.","level":"info","timestamp":"2021-12-09 04:08:32"}
{"message":"[O-Ring-gland-Analysis-cal.service] createRectangleOring called.","level":"info","timestamp":"2021-12-09 04:08:32"}
{"message":"[O-Ring-gland-Analysis-cal.service] createRectangleOring called.","level":"info","timestamp":"2021-12-09 04:08:32"}
{"message":"[O-Ring-gland-Analysis-cal.service] createRectangleOring called.","level":"info","timestamp":"2021-12-09 04:08:32"}
{"message":"[O-Ring-gland-Analysis-cal.service] createRectangleOring called.","level":"info","timestamp":"2021-12-09 04:08:32"}
{"message":"[O-Ring-gland-Analysis-cal.service] createRectangleOring called.","level":"info","timestamp":"2021-12-09 04:08:32"}
{"message":"[O-Ring-gland-Analysis-cal.service] createRectangleOring called.","level":"info","timestamp":"2021-12-09 04:08:32"}
{"message":"[O-Ring-gland-Analysis-cal.service] createRectangleOring called.","level":"info","timestamp":"2021-12-09 04:08:32"}
{"message":"[O-Ring-gland-Analysis-cal.service] createRectangleOring called.","level":"info","timestamp":"2021-12-09 04:08:32"}
{"message":"[O-Ring-gland-Analysis-cal.service] createRectangleOring called.","level":"info","timestamp":"2021-12-09 04:08:32"}
{"message":"[O-Ring-gland-Analysis-cal.service] createRectangleOring called.","level":"info","timestamp":"2021-12-09 04:08:32"}
{"message":"[O-Ring-gland-Analysis-cal.service] createRectangleOring called.","level":"info","timestamp":"2021-12-09 04:08:32"}
{"message":"[O-Ring-gland-Analysis-cal.service] createRectangleOring called.","level":"info","timestamp":"2021-12-09 04:08:32"}
{"message":"[O-Ring-gland-Analysis-cal.service] createRectangleOring called.","level":"info","timestamp":"2021-12-09 04:08:32"}
{"message":"[O-Ring-gland-Analysis-cal.service] createRectangleOring called.","level":"info","timestamp":"2021-12-09 04:08:32"}
{"message":"[O-Ring-gland-Analysis-cal.service] createRectangleOring called.","level":"info","timestamp":"2021-12-09 04:08:32"}
{"message":"[O-Ring-gland-Analysis-cal.service] createRectangleOring called.","level":"info","timestamp":"2021-12-09 04:08:32"}
{"message":"[O-Ring-gland-Analysis-cal.service] createRectangleOring called.","level":"info","timestamp":"2021-12-09 04:08:32"}
{"message":"[O-Ring-gland-Analysis-cal.service] createRectangleOring called.","level":"info","timestamp":"2021-12-09 04:08:32"}
{"message":"[O-Ring-gland-Analysis-cal.service] createRectangleOring called.","level":"info","timestamp":"2021-12-09 04:08:32"}
{"message":"[O-Ring-gland-Analysis-cal.service] createRectangleOring called.","level":"info","timestamp":"2021-12-09 04:08:32"}
{"message":"[O-Ring-gland-Analysis-cal.service] createRectangleOring called.","level":"info","timestamp":"2021-12-09 04:08:32"}
{"message":"[O-Ring-gland-Analysis-cal.service] createRectangleOring called.","level":"info","timestamp":"2021-12-09 04:08:32"}
{"message":"[O-Ring-gland-Analysis-cal.service] createRectangleOring called.","level":"info","timestamp":"2021-12-09 04:08:32"}
{"message":"[O-Ring-gland-Analysis-cal.service] createRectangleOring called.","level":"info","timestamp":"2021-12-09 04:08:32"}
{"message":"[O-Ring-gland-Analysis-cal.service] createRectangleOring called.","level":"info","timestamp":"2021-12-09 04:08:32"}
{"message":"[O-Ring-gland-Analysis-cal.service] createRectangleOring called.","level":"info","timestamp":"2021-12-09 04:08:32"}
{"message":"[O-Ring-gland-Analysis-cal.service] createRectangleOring called.","level":"info","timestamp":"2021-12-09 04:08:32"}
{"message":"[O-Ring-gland-Analysis-cal.service] createRectangleOring called.","level":"info","timestamp":"2021-12-09 04:08:32"}
{"message":"[O-Ring-gland-Analysis-cal.service] createRectangleOring called.","level":"info","timestamp":"2021-12-09 04:08:32"}
{"message":"[O-Ring-gland-Analysis-cal.service] createRectangleOring called.","level":"info","timestamp":"2021-12-09 04:08:32"}
{"message":"[O-Ring-gland-Analysis-cal.service] createRectangleOring called.","level":"info","timestamp":"2021-12-09 04:08:32"}
{"message":"[O-Ring-gland-Analysis-cal.service] createRectangleOring called.","level":"info","timestamp":"2021-12-09 04:08:32"}
{"message":"[O-Ring-gland-Analysis-cal.service] createRectangleOring called.","level":"info","timestamp":"2021-12-09 04:08:32"}
{"message":"[O-Ring-gland-Analysis-cal.service] createRectangleOring called.","level":"info","timestamp":"2021-12-09 04:08:32"}
{"message":"[O-Ring-gland-Analysis-cal.service] createRectangleOring called.","level":"info","timestamp":"2021-12-09 04:08:32"}
{"message":"[O-Ring-gland-Analysis-cal.service] createRectangleOring called.","level":"info","timestamp":"2021-12-09 04:08:32"}
{"message":"[O-Ring-gland-Analysis-cal.service] createRectangleOring called.","level":"info","timestamp":"2021-12-09 04:08:32"}
{"message":"[O-Ring-gland-Analysis-cal.service] createRectangleOring called.","level":"info","timestamp":"2021-12-09 04:08:32"}
{"message":"[O-Ring-gland-Analysis-cal.service] createRectangleOring called.","level":"info","timestamp":"2021-12-09 04:08:32"}
{"message":"[O-Ring-gland-Analysis-cal.service] createRectangleOring called.","level":"info","timestamp":"2021-12-09 04:08:32"}
{"message":"[O-Ring-gland-Analysis-cal.service] createRectangleOring called.","level":"info","timestamp":"2021-12-09 04:08:32"}
{"message":"[O-Ring-gland-Analysis-cal.service] createRectangleOring called.","level":"info","timestamp":"2021-12-09 04:08:32"}
{"message":"[O-Ring-gland-Analysis-cal.service] createRectangleOring called.","level":"info","timestamp":"2021-12-09 04:08:32"}
{"message":"[O-Ring-gland-Analysis-cal.service] createRectangleOring called.","level":"info","timestamp":"2021-12-09 04:08:32"}
{"message":"[O-Ring-gland-Analysis-cal.service] createRectangleOring called.","level":"info","timestamp":"2021-12-09 04:08:32"}
{"message":"[O-Ring-gland-Analysis-cal.service] createRectangleOring called.","level":"info","timestamp":"2021-12-09 04:08:33"}
{"message":"[O-Ring-gland-Analysis-cal.service] createRectangleOring called.","level":"info","timestamp":"2021-12-09 04:08:33"}
{"message":"[O-Ring-gland-Analysis-cal.service] createRectangleOring called.","level":"info","timestamp":"2021-12-09 04:08:33"}
{"message":"[O-Ring-gland-Analysis-cal.service] createRectangleOring called.","level":"info","timestamp":"2021-12-09 04:08:33"}
{"message":"[O-Ring-gland-Analysis-cal.service] createRectangleOring called.","level":"info","timestamp":"2021-12-09 04:08:33"}
{"message":"[O-Ring-gland-Analysis-cal.service] createRectangleOring called.","level":"info","timestamp":"2021-12-09 04:08:33"}
{"message":"[O-Ring-gland-Analysis-cal.service] createRectangleOring called.","level":"info","timestamp":"2021-12-09 04:08:33"}
{"message":"[O-Ring-gland-Analysis-cal.service] createRectangleOring called.","level":"info","timestamp":"2021-12-09 04:08:33"}
{"message":"[O-Ring-gland-Analysis-cal.service] createRectangleOring called.","level":"info","timestamp":"2021-12-09 04:08:33"}
{"message":"[O-Ring-gland-Analysis-cal.service] createRectangleOring called.","level":"info","timestamp":"2021-12-09 04:08:33"}
{"message":"[O-Ring-gland-Analysis-cal.service] createRectangleOring called.","level":"info","timestamp":"2021-12-09 04:08:33"}
{"message":"[O-Ring-gland-Analysis-cal.service] createRectangleOring called.","level":"info","timestamp":"2021-12-09 04:08:33"}
{"message":"[O-Ring-gland-Analysis-cal.service] createRectangleOring called.","level":"info","timestamp":"2021-12-09 04:08:33"}
{"message":"[O-Ring-gland-Analysis-cal.service] createRectangleOring called.","level":"info","timestamp":"2021-12-09 04:08:33"}
{"message":"[O-Ring-gland-Analysis-cal.service] createRectangleOring called.","level":"info","timestamp":"2021-12-09 04:08:33"}
{"message":"[O-Ring-gland-Analysis-cal.service] createRectangleOring called.","level":"info","timestamp":"2021-12-09 04:08:33"}
{"message":"[O-Ring-gland-Analysis-cal.service] createRectangleOring called.","level":"info","timestamp":"2021-12-09 04:08:33"}
{"message":"[O-Ring-gland-Analysis-cal.service] createRectangleOring called.","level":"info","timestamp":"2021-12-09 04:08:33"}
{"message":"[O-Ring-gland-Analysis-cal.service] createRectangleOring called.","level":"info","timestamp":"2021-12-09 04:08:33"}
{"message":"[O-Ring-gland-Analysis-cal.service] createRectangleOring called.","level":"info","timestamp":"2021-12-09 04:08:33"}
{"message":"[O-Ring-gland-Analysis-cal.service] createRectangleOring called.","level":"info","timestamp":"2021-12-09 04:08:33"}
{"message":"[O-Ring-gland-Analysis-cal.service] createRectangleOring called.","level":"info","timestamp":"2021-12-09 04:08:33"}
{"message":"[O-Ring-gland-Analysis-cal.service] createRectangleOring called.","level":"info","timestamp":"2021-12-09 04:08:33"}
{"message":"[O-Ring-gland-Analysis-cal.service] createRectangleOring called.","level":"info","timestamp":"2021-12-09 04:08:33"}
{"message":"[O-Ring-gland-Analysis-cal.service] createRectangleOring called.","level":"info","timestamp":"2021-12-09 04:08:33"}
{"message":"[O-Ring-gland-Analysis-cal.service] createRectangleOring called.","level":"info","timestamp":"2021-12-09 04:08:33"}
{"message":"[O-Ring-gland-Analysis-cal.service] createRectangleOring called.","level":"info","timestamp":"2021-12-09 04:08:33"}
{"message":"[O-Ring-gland-Analysis-cal.service] createRectangleOring called.","level":"info","timestamp":"2021-12-09 04:08:33"}
{"message":"[O-Ring-gland-Analysis-cal.service] createRectangleOring called.","level":"info","timestamp":"2021-12-09 04:08:33"}
{"message":"[O-Ring-gland-Analysis-cal.service] createRectangleOring called.","level":"info","timestamp":"2021-12-09 04:08:33"}
{"level":"info","message":"Calling auth endpoint with body: {}","timestamp":"2021-12-09 04:08:33"}
{"level":"info","message":"Calling auth endpoint with body: {}","timestamp":"2021-12-09 04:08:56"}
{"message":"API [common.route] called.","level":"info","timestamp":"2021-12-09 04:08:56"}
{"message":"[common.service.ts] material choice data found.","level":"info","timestamp":"2021-12-09 04:08:56"}
{"level":"info","message":"Calling auth endpoint with body: {}","timestamp":"2021-12-09 04:09:13"}
{"message":"API [common.route] called.","level":"info","timestamp":"2021-12-09 04:09:13"}
{"message":"[common.service.ts] material choice data found.","level":"info","timestamp":"2021-12-09 04:09:13"}
{"level":"info","message":"Calling auth endpoint with body: {}","timestamp":"2021-12-09 04:09:37"}
{"message":"API [common.route] called.","level":"info","timestamp":"2021-12-09 04:09:37"}
{"message":"[common.service.ts] material choice data found.","level":"info","timestamp":"2021-12-09 04:09:37"}
{"message":"API [Gland-Size-cal.route] called.","level":"info","timestamp":"2021-12-09 04:09:37"}
{"message":"[Gland-Size-cal.service] if condition called.","level":"info","timestamp":"2021-12-09 04:09:37"}
{"level":"info","message":"Calling auth endpoint with body: {}","timestamp":"2021-12-09 04:09:47"}
{"message":"API [common.route] called.","level":"info","timestamp":"2021-12-09 04:09:47"}
{"message":"[common.service.ts] material choice data found.","level":"info","timestamp":"2021-12-09 04:09:47"}
{"level":"info","message":"Calling auth endpoint with body: {}","timestamp":"2021-12-09 04:09:52"}
{"message":"API [common.route] called.","level":"info","timestamp":"2021-12-09 04:09:52"}
{"message":"[common.service.ts] material choice data found.","level":"info","timestamp":"2021-12-09 04:09:52"}
{"message":"API [Gland-Size-cal.route] called.","level":"info","timestamp":"2021-12-09 04:09:52"}
{"message":"[Gland-Size-cal.service] if condition called.","level":"info","timestamp":"2021-12-09 04:09:52"}
{"message":"API [Gland-Size-cal.route] called.","level":"info","timestamp":"2021-12-09 04:10:11"}
{"message":"[Gland-Size-cal.service] if condition called.","level":"info","timestamp":"2021-12-09 04:10:11"}
